c:\dhbw_informationstechnik_2022\c++\abschlussprojekt\6nimmt\6_nimmt_klassen\x64\debug\6_nimmt_klassen.pch
c:\dhbw_informationstechnik_2022\c++\abschlussprojekt\6nimmt\x64\debug\6_nimmt_klassen.pdb
c:\dhbw_informationstechnik_2022\c++\abschlussprojekt\6nimmt\x64\debug\6_nimmt_klassen.idb
c:\dhbw_informationstechnik_2022\c++\abschlussprojekt\6nimmt\6_nimmt_klassen\x64\debug\pch.obj
c:\dhbw_informationstechnik_2022\c++\abschlussprojekt\6nimmt\6_nimmt_klassen\x64\debug\zufallsbot.obj
c:\dhbw_informationstechnik_2022\c++\abschlussprojekt\6nimmt\6_nimmt_klassen\x64\debug\ui.obj
c:\dhbw_informationstechnik_2022\c++\abschlussprojekt\6nimmt\6_nimmt_klassen\x64\debug\steuerung.obj
c:\dhbw_informationstechnik_2022\c++\abschlussprojekt\6nimmt\6_nimmt_klassen\x64\debug\spielfeld.obj
c:\dhbw_informationstechnik_2022\c++\abschlussprojekt\6nimmt\6_nimmt_klassen\x64\debug\spieler.obj
c:\dhbw_informationstechnik_2022\c++\abschlussprojekt\6nimmt\6_nimmt_klassen\x64\debug\schlauerbot.obj
c:\dhbw_informationstechnik_2022\c++\abschlussprojekt\6nimmt\6_nimmt_klassen\x64\debug\mensch.obj
c:\dhbw_informationstechnik_2022\c++\abschlussprojekt\6nimmt\6_nimmt_klassen\x64\debug\karte.obj
c:\dhbw_informationstechnik_2022\c++\abschlussprojekt\6nimmt\6_nimmt_klassen\x64\debug\deck.obj
c:\dhbw_informationstechnik_2022\c++\abschlussprojekt\6nimmt\6_nimmt_klassen\x64\debug\bot.obj
c:\dhbw_informationstechnik_2022\c++\abschlussprojekt\6nimmt\6_nimmt_klassen\x64\debug\6_nimmt_klassen.obj
c:\dhbw_informationstechnik_2022\c++\abschlussprojekt\6nimmt\6_nimmt_klassen\x64\debug\konsolenoperation.obj
c:\dhbw_informationstechnik_2022\c++\abschlussprojekt\6nimmt\x64\debug\6_nimmt_klassen.lib
c:\dhbw_informationstechnik_2022\c++\abschlussprojekt\6nimmt\6_nimmt_klassen\x64\debug\6_nimmt_klassen.tlog\cl.command.1.tlog
c:\dhbw_informationstechnik_2022\c++\abschlussprojekt\6nimmt\6_nimmt_klassen\x64\debug\6_nimmt_klassen.tlog\cl.read.1.tlog
c:\dhbw_informationstechnik_2022\c++\abschlussprojekt\6nimmt\6_nimmt_klassen\x64\debug\6_nimmt_klassen.tlog\cl.write.1.tlog
c:\dhbw_informationstechnik_2022\c++\abschlussprojekt\6nimmt\6_nimmt_klassen\x64\debug\6_nimmt_klassen.tlog\lib-link.read.1.tlog
c:\dhbw_informationstechnik_2022\c++\abschlussprojekt\6nimmt\6_nimmt_klassen\x64\debug\6_nimmt_klassen.tlog\lib-link.write.1.tlog
c:\dhbw_informationstechnik_2022\c++\abschlussprojekt\6nimmt\6_nimmt_klassen\x64\debug\6_nimmt_klassen.tlog\lib.command.1.tlog
